<?xml version="1.0" encoding="UTF-8"?>
<!-- Generated by org.testng.reporters.JUnitReportReporter -->
<testsuite hostname="DESKTOP-C72THC8" failures="0" tests="1" name="UI.TestClass" time="10.635" errors="0" timestamp="2024-03-08T19:30:00 IST" skipped="0">
  <testcase classname="UI.TestClass" name="Test4" time="10.635"/>
</testsuite> <!-- UI.TestClass -->
